2025-08-21 10:11:41,924 - INFO - 启动自动重启监控器...
2025-08-21 10:11:41,930 - INFO - 服务器健康检查通过: {'status': 'healthy', 'timestamp': '2025-08-21T10:11:41.929494', 'uptime': 7.663637161254883, 'version': '2.0'}
2025-08-21 10:11:41,930 - INFO - 开始监控服务器...
2025-08-21 10:11:41,930 - INFO - 监控器已启动，按 Ctrl+C 停止
2025-08-21 10:11:41,933 - INFO - 服务器健康检查通过: {'status': 'healthy', 'timestamp': '2025-08-21T10:11:41.932512', 'uptime': 7.666654348373413, 'version': '2.0'}
2025-08-21 10:12:11,959 - INFO - 服务器健康检查通过: {'status': 'healthy', 'timestamp': '2025-08-21T10:12:11.956337', 'uptime': 37.69047975540161, 'version': '2.0'}
2025-08-21 11:41:44,035 - INFO - 启动自动重启监控器...
2025-08-21 11:41:44,044 - INFO - 服务器健康检查通过: {'status': 'healthy', 'timestamp': '2025-08-21T11:41:44.043187', 'uptime': 8.719249486923218, 'version': '2.0'}
2025-08-21 11:41:44,046 - INFO - 开始监控服务器...
2025-08-21 11:41:44,046 - INFO - 监控器已启动，按 Ctrl+C 停止
2025-08-21 11:41:44,071 - INFO - 服务器健康检查通过: {'status': 'healthy', 'timestamp': '2025-08-21T11:41:44.070531', 'uptime': 8.746593952178955, 'version': '2.0'}
2025-08-21 11:42:24,116 - ERROR - 服务器响应超时
2025-08-21 11:42:24,116 - WARNING - 服务器健康检查失败
2025-08-21 11:42:24,116 - INFO - 正在重启任务计划...
2025-08-21 11:42:24,142 - ERROR - 任务重启失败: 错误: 拒绝访问。


2025-08-21 11:42:24,142 - ERROR - 重启失败，尝试次数: 1/3
2025-08-21 11:42:58,235 - ERROR - 无法连接到服务器
2025-08-21 11:42:58,236 - WARNING - 服务器健康检查失败
2025-08-21 11:42:58,236 - INFO - 正在重启任务计划...
2025-08-21 11:42:58,259 - ERROR - 任务重启失败: 错误: 拒绝访问。


2025-08-21 11:42:58,259 - ERROR - 重启失败，尝试次数: 2/3
2025-08-21 11:43:32,388 - ERROR - 无法连接到服务器
2025-08-21 11:43:32,389 - WARNING - 服务器健康检查失败
2025-08-21 11:43:32,390 - INFO - 正在重启任务计划...
2025-08-21 11:43:32,412 - ERROR - 任务重启失败: 错误: 拒绝访问。


2025-08-21 11:43:32,413 - ERROR - 重启失败，尝试次数: 3/3
2025-08-21 11:44:06,533 - ERROR - 无法连接到服务器
2025-08-21 11:44:06,534 - WARNING - 服务器健康检查失败
2025-08-21 11:44:06,534 - ERROR - 已达到最大重启次数 (3)，停止自动重启
2025-08-21 12:46:53,017 - INFO - 启动自动重启监控器...
2025-08-21 12:46:53,048 - INFO - 服务器健康检查通过: {'status': 'healthy', 'timestamp': '2025-08-21T12:46:53.032848', 'uptime': 19.13691520690918, 'version': '2.0'}
2025-08-21 12:46:53,048 - INFO - 开始监控服务器...
2025-08-21 12:46:53,048 - INFO - 监控器已启动，按 Ctrl+C 停止
2025-08-21 12:46:53,048 - INFO - 服务器健康检查通过: {'status': 'healthy', 'timestamp': '2025-08-21T12:46:53.048480', 'uptime': 19.152546644210815, 'version': '2.0'}
2025-08-21 12:47:23,075 - INFO - 服务器健康检查通过: {'status': 'healthy', 'timestamp': '2025-08-21T12:47:23.075925', 'uptime': 49.17999219894409, 'version': '2.0'}
2025-08-21 12:47:53,092 - INFO - 服务器健康检查通过: {'status': 'healthy', 'timestamp': '2025-08-21T12:47:53.092410', 'uptime': 79.19647669792175, 'version': '2.0'}
2025-08-21 12:48:33,121 - ERROR - 服务器响应超时
2025-08-21 12:48:33,121 - WARNING - 服务器健康检查失败
2025-08-21 12:48:33,121 - INFO - 正在重启任务计划...
2025-08-21 12:48:33,152 - INFO - 任务重启成功
2025-08-21 12:48:33,152 - INFO - 服务器已重启
2025-08-21 12:49:13,174 - ERROR - 服务器响应超时
2025-08-21 12:49:13,174 - WARNING - 服务器健康检查失败
2025-08-21 12:49:13,174 - INFO - 正在重启任务计划...
2025-08-21 12:49:13,205 - INFO - 任务重启成功
2025-08-21 12:49:13,205 - INFO - 服务器已重启
2025-08-21 12:49:45,274 - ERROR - 无法连接到服务器
2025-08-21 12:49:45,274 - WARNING - 服务器健康检查失败
2025-08-21 12:49:45,274 - INFO - 正在重启任务计划...
2025-08-21 12:49:45,306 - INFO - 任务重启成功
2025-08-21 12:49:45,306 - INFO - 服务器已重启
2025-08-21 12:50:13,946 - INFO - 收到信号 2，正在停止监控器...
2025-08-21 12:50:13,946 - INFO - 监控器已停止
2025-08-21 12:50:15,650 - INFO - 启动自动重启监控器...
2025-08-21 12:50:17,706 - ERROR - 无法连接到服务器
2025-08-21 12:50:17,706 - INFO - 服务器未运行，尝试启动...
2025-08-21 12:50:17,706 - INFO - 正在重启任务计划...
2025-08-21 12:50:17,753 - INFO - 任务重启成功
2025-08-21 12:50:17,753 - INFO - 开始监控服务器...
2025-08-21 12:50:17,753 - INFO - 监控器已启动，按 Ctrl+C 停止
2025-08-21 12:50:19,815 - ERROR - 无法连接到服务器
2025-08-21 12:50:19,815 - WARNING - 服务器健康检查失败
2025-08-21 12:50:19,815 - INFO - 正在重启任务计划...
2025-08-21 12:50:19,862 - INFO - 任务重启成功
2025-08-21 12:50:19,862 - INFO - 服务器已重启
2025-08-21 12:50:51,920 - ERROR - 无法连接到服务器
2025-08-21 12:50:51,920 - WARNING - 服务器健康检查失败
2025-08-21 12:50:51,920 - INFO - 正在重启任务计划...
2025-08-21 12:50:51,967 - INFO - 任务重启成功
2025-08-21 12:50:51,967 - INFO - 服务器已重启
2025-08-21 12:51:24,009 - ERROR - 无法连接到服务器
2025-08-21 12:51:24,009 - WARNING - 服务器健康检查失败
2025-08-21 12:51:24,009 - INFO - 正在重启任务计划...
2025-08-21 12:51:24,056 - INFO - 任务重启成功
2025-08-21 12:51:24,056 - INFO - 服务器已重启
2025-08-21 12:51:56,098 - ERROR - 无法连接到服务器
2025-08-21 12:51:56,098 - WARNING - 服务器健康检查失败
2025-08-21 12:51:56,098 - INFO - 正在重启任务计划...
2025-08-21 12:51:56,129 - INFO - 任务重启成功
2025-08-21 12:51:56,129 - INFO - 服务器已重启
2025-08-21 12:52:02,445 - INFO - 收到信号 2，正在停止监控器...
2025-08-21 12:52:02,445 - INFO - 监控器已停止
2025-08-21 12:53:23,411 - INFO - 启动自动重启监控器...
2025-08-21 12:53:32,201 - INFO - 服务器健康检查通过: {'status': 'healthy', 'timestamp': '2025-08-21T12:53:32.201748', 'uptime': 40.21511387825012, 'version': '2.0'}
2025-08-21 12:53:32,201 - INFO - 开始监控服务器...
2025-08-21 12:53:32,201 - INFO - 监控器已启动，按 Ctrl+C 停止
2025-08-21 12:53:32,217 - INFO - 服务器健康检查通过: {'status': 'healthy', 'timestamp': '2025-08-21T12:53:32.217365', 'uptime': 40.230730295181274, 'version': '2.0'}
2025-08-21 12:54:12,239 - ERROR - 服务器响应超时
2025-08-21 12:54:12,239 - WARNING - 服务器健康检查失败
2025-08-21 12:54:12,239 - INFO - 正在重启任务计划...
2025-08-21 12:54:12,286 - INFO - 任务重启成功
2025-08-21 12:54:12,286 - INFO - 服务器已重启
2025-08-21 12:54:52,333 - ERROR - 服务器响应超时
2025-08-21 12:54:52,333 - WARNING - 服务器健康检查失败
2025-08-21 12:54:52,333 - INFO - 正在重启任务计划...
2025-08-21 12:54:52,379 - INFO - 任务重启成功
2025-08-21 12:54:52,379 - INFO - 服务器已重启
2025-08-21 12:55:32,411 - ERROR - 服务器响应超时
2025-08-21 12:55:32,411 - WARNING - 服务器健康检查失败
2025-08-21 12:55:32,411 - INFO - 正在重启任务计划...
2025-08-21 12:55:32,458 - INFO - 任务重启成功
2025-08-21 12:55:32,458 - INFO - 服务器已重启
2025-08-21 12:56:00,511 - INFO - 收到信号 2，正在停止监控器...
2025-08-21 12:56:00,511 - INFO - 监控器已停止
